<?xml version="1.0" encoding="UTF-8"?>
<!-- Generated by org.testng.reporters.JUnitReportReporter -->
<testsuite skipped="0" hostname="26b3675f6e13" name="com.newtours.tests.BookFlightTest" tests="20" failures="0" timestamp="06 Jun 2020 15:42:28 GMT" time="71.381" errors="0">
  <testcase name="registrationConfirmationPage" time="1.654" classname="com.newtours.tests.BookFlightTest"/>
  <testcase name="flightConfirmationPage" time="2.283" classname="com.newtours.tests.BookFlightTest"/>
  <testcase name="findFlightPage" time="3.993" classname="com.newtours.tests.BookFlightTest"/>
  <testcase name="flightDetailsPage" time="2.378" classname="com.newtours.tests.BookFlightTest"/>
  <testcase name="registrationPage" time="6.114" classname="com.newtours.tests.BookFlightTest"/>
  <testcase name="flightConfirmationPage" time="2.154" classname="com.newtours.tests.BookFlightTest"/>
  <testcase name="registrationPage" time="5.851" classname="com.newtours.tests.BookFlightTest"/>
  <testcase name="flightConfirmationPage" time="2.285" classname="com.newtours.tests.BookFlightTest"/>
  <testcase name="registrationConfirmationPage" time="2.242" classname="com.newtours.tests.BookFlightTest"/>
  <testcase name="flightConfirmationPage" time="2.187" classname="com.newtours.tests.BookFlightTest"/>
  <testcase name="flightDetailsPage" time="2.019" classname="com.newtours.tests.BookFlightTest"/>
  <testcase name="registrationConfirmationPage" time="1.742" classname="com.newtours.tests.BookFlightTest"/>
  <testcase name="findFlightPage" time="3.861" classname="com.newtours.tests.BookFlightTest"/>
  <testcase name="registrationPage" time="9.498" classname="com.newtours.tests.BookFlightTest"/>
  <testcase name="findFlightPage" time="3.986" classname="com.newtours.tests.BookFlightTest"/>
  <testcase name="flightDetailsPage" time="1.735" classname="com.newtours.tests.BookFlightTest"/>
  <testcase name="registrationPage" time="9.900" classname="com.newtours.tests.BookFlightTest"/>
  <testcase name="findFlightPage" time="3.906" classname="com.newtours.tests.BookFlightTest"/>
  <testcase name="registrationConfirmationPage" time="1.690" classname="com.newtours.tests.BookFlightTest"/>
  <testcase name="flightDetailsPage" time="1.903" classname="com.newtours.tests.BookFlightTest"/>
</testsuite> <!-- com.newtours.tests.BookFlightTest -->
