<?xml version="1.0" encoding="UTF-8"?>
<!-- Generated by org.testng.reporters.JUnitReportReporter -->
<testsuite skipped="0" hostname="admin12-Vostro-3446" name="com.searchmodule.tests.SearchTest" tests="4" failures="0" timestamp="24 Feb 2020 16:04:57 GMT" time="153.483" errors="0">
  <testcase name="search" time="43.204" classname="com.searchmodule.tests.SearchTest"/>
  <testcase name="search" time="42.386" classname="com.searchmodule.tests.SearchTest"/>
  <testcase name="search" time="34.669" classname="com.searchmodule.tests.SearchTest"/>
  <testcase name="search" time="33.224" classname="com.searchmodule.tests.SearchTest"/>
</testsuite> <!-- com.searchmodule.tests.SearchTest -->
